<?xml version="1.0" encoding="UTF-8"?>
<!-- Generated by org.testng.reporters.JUnitReportReporter -->
<testsuite hostname="localhost" name="com.checkAuto.appium.testcases.makemytrip.runOrders" tests="1" failures="0" timestamp="18 Dec 2015 11:19:05 GMT" time="3322.379" errors="0">
  <testcase name="getCarShoot" time="3322.379" classname="com.checkAuto.appium.testcases.makemytrip.runOrders"/>
</testsuite> <!-- com.checkAuto.appium.testcases.makemytrip.runOrders -->
