<?xml version="1.0" encoding="UTF-8"?>
<!-- Generated by org.testng.reporters.JUnitReportReporter -->
<testsuite hostname="KITTY" name="com.checkAuto.appium.testcases.makemytrip.BookingTickets" tests="2" failures="0" timestamp="30 Aug 2015 16:56:08 GMT" time="20.503" errors="0">
  <testcase name="getService" time="4.418" classname="com.checkAuto.appium.testcases.makemytrip.BookingTickets"/>
  <testcase name="searchFlights" time="16.085" classname="com.checkAuto.appium.testcases.makemytrip.BookingTickets"/>
</testsuite> <!-- com.checkAuto.appium.testcases.makemytrip.BookingTickets -->
